2025-05-12T21:12:45.154+03:00  INFO 18052 --- [DZ_4] [main] com.borisov.DZ_4.Dz4Application          : Starting Dz4Application using Java 21.0.2 with PID 18052 (C:\java\Aston\Stage2\Module4\DZ_4\target\classes started by andre in C:\java\Aston\Stage2\Module4\DZ_4)
2025-05-12T21:12:45.159+03:00  INFO 18052 --- [DZ_4] [main] com.borisov.DZ_4.Dz4Application          : No active profile set, falling back to 1 default profile: "default"
2025-05-12T21:12:45.804+03:00  INFO 18052 --- [DZ_4] [main] .s.d.r.c.RepositoryConfigurationDelegate : Bootstrapping Spring Data JPA repositories in DEFAULT mode.
2025-05-12T21:12:45.856+03:00  INFO 18052 --- [DZ_4] [main] .s.d.r.c.RepositoryConfigurationDelegate : Finished Spring Data repository scanning in 44 ms. Found 1 JPA repository interface.
2025-05-12T21:12:46.358+03:00  INFO 18052 --- [DZ_4] [main] o.s.b.w.embedded.tomcat.TomcatWebServer  : Tomcat initialized with port 8080 (http)
2025-05-12T21:12:46.372+03:00  INFO 18052 --- [DZ_4] [main] o.apache.catalina.core.StandardService   : Starting service [Tomcat]
2025-05-12T21:12:46.372+03:00  INFO 18052 --- [DZ_4] [main] o.apache.catalina.core.StandardEngine    : Starting Servlet engine: [Apache Tomcat/10.1.40]
2025-05-12T21:12:46.428+03:00  INFO 18052 --- [DZ_4] [main] o.a.c.c.C.[Tomcat].[localhost].[/]       : Initializing Spring embedded WebApplicationContext
2025-05-12T21:12:46.429+03:00  INFO 18052 --- [DZ_4] [main] w.s.c.ServletWebServerApplicationContext : Root WebApplicationContext: initialization completed in 1233 ms
2025-05-12T21:12:46.558+03:00  INFO 18052 --- [DZ_4] [main] com.zaxxer.hikari.HikariDataSource       : HikariPool-1 - Starting...
2025-05-12T21:12:46.772+03:00  INFO 18052 --- [DZ_4] [main] com.zaxxer.hikari.pool.HikariPool        : HikariPool-1 - Added connection org.postgresql.jdbc.PgConnection@51a16adf
2025-05-12T21:12:46.774+03:00  INFO 18052 --- [DZ_4] [main] com.zaxxer.hikari.HikariDataSource       : HikariPool-1 - Start completed.
2025-05-12T21:12:46.836+03:00  INFO 18052 --- [DZ_4] [main] o.hibernate.jpa.internal.util.LogHelper  : HHH000204: Processing PersistenceUnitInfo [name: default]
2025-05-12T21:12:46.935+03:00  INFO 18052 --- [DZ_4] [main] org.hibernate.Version                    : HHH000412: Hibernate ORM core version 6.6.13.Final
2025-05-12T21:12:46.977+03:00  INFO 18052 --- [DZ_4] [main] o.h.c.internal.RegionFactoryInitiator    : HHH000026: Second-level cache disabled
2025-05-12T21:12:47.314+03:00  INFO 18052 --- [DZ_4] [main] o.s.o.j.p.SpringPersistenceUnitInfo      : No LoadTimeWeaver setup: ignoring JPA class transformer
2025-05-12T21:12:47.398+03:00  WARN 18052 --- [DZ_4] [main] org.hibernate.orm.deprecation            : HHH90000025: PostgreSQLDialect does not need to be specified explicitly using 'hibernate.dialect' (remove the property setting and it will be selected by default)
2025-05-12T21:12:47.411+03:00  INFO 18052 --- [DZ_4] [main] org.hibernate.orm.connections.pooling    : HHH10001005: Database info:
	Database JDBC URL [Connecting through datasource 'HikariDataSource (HikariPool-1)']
	Database driver: undefined/unknown
	Database version: 17.4
	Autocommit mode: undefined/unknown
	Isolation level: undefined/unknown
	Minimum pool size: undefined/unknown
	Maximum pool size: undefined/unknown
2025-05-12T21:12:48.195+03:00  INFO 18052 --- [DZ_4] [main] o.h.e.t.j.p.i.JtaPlatformInitiator       : HHH000489: No JTA platform available (set 'hibernate.transaction.jta.platform' to enable JTA platform integration)
2025-05-12T21:12:48.197+03:00  INFO 18052 --- [DZ_4] [main] j.LocalContainerEntityManagerFactoryBean : Initialized JPA EntityManagerFactory for persistence unit 'default'
2025-05-12T21:12:48.422+03:00  WARN 18052 --- [DZ_4] [main] ConfigServletWebServerApplicationContext : Exception encountered during context initialization - cancelling refresh attempt: org.springframework.beans.factory.UnsatisfiedDependencyException: Error creating bean with name 'usersController' defined in file [C:\java\Aston\Stage2\Module4\DZ_4\target\classes\com\borisov\DZ_4\controllers\UsersController.class]: Unsatisfied dependency expressed through constructor parameter 0: Error creating bean with name 'userService' defined in file [C:\java\Aston\Stage2\Module4\DZ_4\target\classes\com\borisov\DZ_4\service\UserService.class]: Unsatisfied dependency expressed through constructor parameter 0: Error creating bean with name 'userRepository' defined in com.borisov.DZ_4.repositories.UserRepository defined in @EnableJpaRepositories declared on JpaRepositoriesRegistrar.EnableJpaRepositoriesConfiguration: Could not create query for public abstract java.util.Optional com.borisov.DZ_4.repositories.UserRepository.findByEmaqweil(java.lang.String); Reason: Failed to create query for method public abstract java.util.Optional com.borisov.DZ_4.repositories.UserRepository.findByEmaqweil(java.lang.String); No property 'emaqweil' found for type 'User'
2025-05-12T21:12:48.423+03:00  INFO 18052 --- [DZ_4] [main] j.LocalContainerEntityManagerFactoryBean : Closing JPA EntityManagerFactory for persistence unit 'default'
2025-05-12T21:12:48.427+03:00  INFO 18052 --- [DZ_4] [main] com.zaxxer.hikari.HikariDataSource       : HikariPool-1 - Shutdown initiated...
2025-05-12T21:12:48.432+03:00  INFO 18052 --- [DZ_4] [main] com.zaxxer.hikari.HikariDataSource       : HikariPool-1 - Shutdown completed.
2025-05-12T21:12:48.435+03:00  INFO 18052 --- [DZ_4] [main] o.apache.catalina.core.StandardService   : Stopping service [Tomcat]
2025-05-12T21:12:48.446+03:00  INFO 18052 --- [DZ_4] [main] .s.b.a.l.ConditionEvaluationReportLogger : 

Error starting ApplicationContext. To display the condition evaluation report re-run your application with 'debug' enabled.
2025-05-12T21:12:48.462+03:00 ERROR 18052 --- [DZ_4] [main] o.s.boot.SpringApplication               : Application run failed

org.springframework.beans.factory.UnsatisfiedDependencyException: Error creating bean with name 'usersController' defined in file [C:\java\Aston\Stage2\Module4\DZ_4\target\classes\com\borisov\DZ_4\controllers\UsersController.class]: Unsatisfied dependency expressed through constructor parameter 0: Error creating bean with name 'userService' defined in file [C:\java\Aston\Stage2\Module4\DZ_4\target\classes\com\borisov\DZ_4\service\UserService.class]: Unsatisfied dependency expressed through constructor parameter 0: Error creating bean with name 'userRepository' defined in com.borisov.DZ_4.repositories.UserRepository defined in @EnableJpaRepositories declared on JpaRepositoriesRegistrar.EnableJpaRepositoriesConfiguration: Could not create query for public abstract java.util.Optional com.borisov.DZ_4.repositories.UserRepository.findByEmaqweil(java.lang.String); Reason: Failed to create query for method public abstract java.util.Optional com.borisov.DZ_4.repositories.UserRepository.findByEmaqweil(java.lang.String); No property 'emaqweil' found for type 'User'
	at org.springframework.beans.factory.support.ConstructorResolver.createArgumentArray(ConstructorResolver.java:804) ~[spring-beans-6.2.6.jar:6.2.6]
	at org.springframework.beans.factory.support.ConstructorResolver.autowireConstructor(ConstructorResolver.java:240) ~[spring-beans-6.2.6.jar:6.2.6]
	at org.springframework.beans.factory.support.AbstractAutowireCapableBeanFactory.autowireConstructor(AbstractAutowireCapableBeanFactory.java:1387) ~[spring-beans-6.2.6.jar:6.2.6]
	at org.springframework.beans.factory.support.AbstractAutowireCapableBeanFactory.createBeanInstance(AbstractAutowireCapableBeanFactory.java:1224) ~[spring-beans-6.2.6.jar:6.2.6]
	at org.springframework.beans.factory.support.AbstractAutowireCapableBeanFactory.doCreateBean(AbstractAutowireCapableBeanFactory.java:569) ~[spring-beans-6.2.6.jar:6.2.6]
	at org.springframework.beans.factory.support.AbstractAutowireCapableBeanFactory.createBean(AbstractAutowireCapableBeanFactory.java:529) ~[spring-beans-6.2.6.jar:6.2.6]
	at org.springframework.beans.factory.support.AbstractBeanFactory.lambda$doGetBean$0(AbstractBeanFactory.java:339) ~[spring-beans-6.2.6.jar:6.2.6]
	at org.springframework.beans.factory.support.DefaultSingletonBeanRegistry.getSingleton(DefaultSingletonBeanRegistry.java:371) ~[spring-beans-6.2.6.jar:6.2.6]
	at org.springframework.beans.factory.support.AbstractBeanFactory.doGetBean(AbstractBeanFactory.java:337) ~[spring-beans-6.2.6.jar:6.2.6]
	at org.springframework.beans.factory.support.AbstractBeanFactory.getBean(AbstractBeanFactory.java:202) ~[spring-beans-6.2.6.jar:6.2.6]
	at org.springframework.beans.factory.support.DefaultListableBeanFactory.instantiateSingleton(DefaultListableBeanFactory.java:1221) ~[spring-beans-6.2.6.jar:6.2.6]
	at org.springframework.beans.factory.support.DefaultListableBeanFactory.preInstantiateSingleton(DefaultListableBeanFactory.java:1187) ~[spring-beans-6.2.6.jar:6.2.6]
	at org.springframework.beans.factory.support.DefaultListableBeanFactory.preInstantiateSingletons(DefaultListableBeanFactory.java:1122) ~[spring-beans-6.2.6.jar:6.2.6]
	at org.springframework.context.support.AbstractApplicationContext.finishBeanFactoryInitialization(AbstractApplicationContext.java:987) ~[spring-context-6.2.6.jar:6.2.6]
	at org.springframework.context.support.AbstractApplicationContext.refresh(AbstractApplicationContext.java:627) ~[spring-context-6.2.6.jar:6.2.6]
	at org.springframework.boot.web.servlet.context.ServletWebServerApplicationContext.refresh(ServletWebServerApplicationContext.java:146) ~[spring-boot-3.4.5.jar:3.4.5]
	at org.springframework.boot.SpringApplication.refresh(SpringApplication.java:753) ~[spring-boot-3.4.5.jar:3.4.5]
	at org.springframework.boot.SpringApplication.refreshContext(SpringApplication.java:439) ~[spring-boot-3.4.5.jar:3.4.5]
	at org.springframework.boot.SpringApplication.run(SpringApplication.java:318) ~[spring-boot-3.4.5.jar:3.4.5]
	at org.springframework.boot.SpringApplication.run(SpringApplication.java:1362) ~[spring-boot-3.4.5.jar:3.4.5]
	at org.springframework.boot.SpringApplication.run(SpringApplication.java:1351) ~[spring-boot-3.4.5.jar:3.4.5]
	at com.borisov.DZ_4.Dz4Application.main(Dz4Application.java:12) ~[classes/:na]
Caused by: org.springframework.beans.factory.UnsatisfiedDependencyException: Error creating bean with name 'userService' defined in file [C:\java\Aston\Stage2\Module4\DZ_4\target\classes\com\borisov\DZ_4\service\UserService.class]: Unsatisfied dependency expressed through constructor parameter 0: Error creating bean with name 'userRepository' defined in com.borisov.DZ_4.repositories.UserRepository defined in @EnableJpaRepositories declared on JpaRepositoriesRegistrar.EnableJpaRepositoriesConfiguration: Could not create query for public abstract java.util.Optional com.borisov.DZ_4.repositories.UserRepository.findByEmaqweil(java.lang.String); Reason: Failed to create query for method public abstract java.util.Optional com.borisov.DZ_4.repositories.UserRepository.findByEmaqweil(java.lang.String); No property 'emaqweil' found for type 'User'
	at org.springframework.beans.factory.support.ConstructorResolver.createArgumentArray(ConstructorResolver.java:804) ~[spring-beans-6.2.6.jar:6.2.6]
	at org.springframework.beans.factory.support.ConstructorResolver.autowireConstructor(ConstructorResolver.java:240) ~[spring-beans-6.2.6.jar:6.2.6]
	at org.springframework.beans.factory.support.AbstractAutowireCapableBeanFactory.autowireConstructor(AbstractAutowireCapableBeanFactory.java:1387) ~[spring-beans-6.2.6.jar:6.2.6]
	at org.springframework.beans.factory.support.AbstractAutowireCapableBeanFactory.createBeanInstance(AbstractAutowireCapableBeanFactory.java:1224) ~[spring-beans-6.2.6.jar:6.2.6]
	at org.springframework.beans.factory.support.AbstractAutowireCapableBeanFactory.doCreateBean(AbstractAutowireCapableBeanFactory.java:569) ~[spring-beans-6.2.6.jar:6.2.6]
	at org.springframework.beans.factory.support.AbstractAutowireCapableBeanFactory.createBean(AbstractAutowireCapableBeanFactory.java:529) ~[spring-beans-6.2.6.jar:6.2.6]
	at org.springframework.beans.factory.support.AbstractBeanFactory.lambda$doGetBean$0(AbstractBeanFactory.java:339) ~[spring-beans-6.2.6.jar:6.2.6]
	at org.springframework.beans.factory.support.DefaultSingletonBeanRegistry.getSingleton(DefaultSingletonBeanRegistry.java:371) ~[spring-beans-6.2.6.jar:6.2.6]
	at org.springframework.beans.factory.support.AbstractBeanFactory.doGetBean(AbstractBeanFactory.java:337) ~[spring-beans-6.2.6.jar:6.2.6]
	at org.springframework.beans.factory.support.AbstractBeanFactory.getBean(AbstractBeanFactory.java:202) ~[spring-beans-6.2.6.jar:6.2.6]
	at org.springframework.beans.factory.support.DefaultListableBeanFactory.doResolveDependency(DefaultListableBeanFactory.java:1681) ~[spring-beans-6.2.6.jar:6.2.6]
	at org.springframework.beans.factory.support.DefaultListableBeanFactory.resolveDependency(DefaultListableBeanFactory.java:1627) ~[spring-beans-6.2.6.jar:6.2.6]
	at org.springframework.beans.factory.support.ConstructorResolver.resolveAutowiredArgument(ConstructorResolver.java:913) ~[spring-beans-6.2.6.jar:6.2.6]
	at org.springframework.beans.factory.support.ConstructorResolver.createArgumentArray(ConstructorResolver.java:791) ~[spring-beans-6.2.6.jar:6.2.6]
	... 21 common frames omitted
Caused by: org.springframework.beans.factory.BeanCreationException: Error creating bean with name 'userRepository' defined in com.borisov.DZ_4.repositories.UserRepository defined in @EnableJpaRepositories declared on JpaRepositoriesRegistrar.EnableJpaRepositoriesConfiguration: Could not create query for public abstract java.util.Optional com.borisov.DZ_4.repositories.UserRepository.findByEmaqweil(java.lang.String); Reason: Failed to create query for method public abstract java.util.Optional com.borisov.DZ_4.repositories.UserRepository.findByEmaqweil(java.lang.String); No property 'emaqweil' found for type 'User'
	at org.springframework.beans.factory.support.AbstractAutowireCapableBeanFactory.initializeBean(AbstractAutowireCapableBeanFactory.java:1818) ~[spring-beans-6.2.6.jar:6.2.6]
	at org.springframework.beans.factory.support.AbstractAutowireCapableBeanFactory.doCreateBean(AbstractAutowireCapableBeanFactory.java:607) ~[spring-beans-6.2.6.jar:6.2.6]
	at org.springframework.beans.factory.support.AbstractAutowireCapableBeanFactory.createBean(AbstractAutowireCapableBeanFactory.java:529) ~[spring-beans-6.2.6.jar:6.2.6]
	at org.springframework.beans.factory.support.AbstractBeanFactory.lambda$doGetBean$0(AbstractBeanFactory.java:339) ~[spring-beans-6.2.6.jar:6.2.6]
	at org.springframework.beans.factory.support.DefaultSingletonBeanRegistry.getSingleton(DefaultSingletonBeanRegistry.java:371) ~[spring-beans-6.2.6.jar:6.2.6]
	at org.springframework.beans.factory.support.AbstractBeanFactory.doGetBean(AbstractBeanFactory.java:337) ~[spring-beans-6.2.6.jar:6.2.6]
	at org.springframework.beans.factory.support.AbstractBeanFactory.getBean(AbstractBeanFactory.java:202) ~[spring-beans-6.2.6.jar:6.2.6]
	at org.springframework.beans.factory.support.DefaultListableBeanFactory.doResolveDependency(DefaultListableBeanFactory.java:1681) ~[spring-beans-6.2.6.jar:6.2.6]
	at org.springframework.beans.factory.support.DefaultListableBeanFactory.resolveDependency(DefaultListableBeanFactory.java:1627) ~[spring-beans-6.2.6.jar:6.2.6]
	at org.springframework.beans.factory.support.ConstructorResolver.resolveAutowiredArgument(ConstructorResolver.java:913) ~[spring-beans-6.2.6.jar:6.2.6]
	at org.springframework.beans.factory.support.ConstructorResolver.createArgumentArray(ConstructorResolver.java:791) ~[spring-beans-6.2.6.jar:6.2.6]
	... 34 common frames omitted
Caused by: org.springframework.data.repository.query.QueryCreationException: Could not create query for public abstract java.util.Optional com.borisov.DZ_4.repositories.UserRepository.findByEmaqweil(java.lang.String); Reason: Failed to create query for method public abstract java.util.Optional com.borisov.DZ_4.repositories.UserRepository.findByEmaqweil(java.lang.String); No property 'emaqweil' found for type 'User'
	at org.springframework.data.repository.query.QueryCreationException.create(QueryCreationException.java:101) ~[spring-data-commons-3.4.5.jar:3.4.5]
	at org.springframework.data.repository.core.support.QueryExecutorMethodInterceptor.lookupQuery(QueryExecutorMethodInterceptor.java:120) ~[spring-data-commons-3.4.5.jar:3.4.5]
	at org.springframework.data.repository.core.support.QueryExecutorMethodInterceptor.mapMethodsToQuery(QueryExecutorMethodInterceptor.java:104) ~[spring-data-commons-3.4.5.jar:3.4.5]
	at org.springframework.data.repository.core.support.QueryExecutorMethodInterceptor.lambda$new$0(QueryExecutorMethodInterceptor.java:92) ~[spring-data-commons-3.4.5.jar:3.4.5]
	at java.base/java.util.Optional.map(Optional.java:260) ~[na:na]
	at org.springframework.data.repository.core.support.QueryExecutorMethodInterceptor.<init>(QueryExecutorMethodInterceptor.java:92) ~[spring-data-commons-3.4.5.jar:3.4.5]
	at org.springframework.data.repository.core.support.RepositoryFactorySupport.getRepository(RepositoryFactorySupport.java:431) ~[spring-data-commons-3.4.5.jar:3.4.5]
	at org.springframework.data.repository.core.support.RepositoryFactoryBeanSupport.lambda$afterPropertiesSet$4(RepositoryFactoryBeanSupport.java:350) ~[spring-data-commons-3.4.5.jar:3.4.5]
	at org.springframework.data.util.Lazy.getNullable(Lazy.java:135) ~[spring-data-commons-3.4.5.jar:3.4.5]
	at org.springframework.data.util.Lazy.get(Lazy.java:113) ~[spring-data-commons-3.4.5.jar:3.4.5]
	at org.springframework.data.repository.core.support.RepositoryFactoryBeanSupport.afterPropertiesSet(RepositoryFactoryBeanSupport.java:356) ~[spring-data-commons-3.4.5.jar:3.4.5]
	at org.springframework.data.jpa.repository.support.JpaRepositoryFactoryBean.afterPropertiesSet(JpaRepositoryFactoryBean.java:132) ~[spring-data-jpa-3.4.5.jar:3.4.5]
	at org.springframework.beans.factory.support.AbstractAutowireCapableBeanFactory.invokeInitMethods(AbstractAutowireCapableBeanFactory.java:1865) ~[spring-beans-6.2.6.jar:6.2.6]
	at org.springframework.beans.factory.support.AbstractAutowireCapableBeanFactory.initializeBean(AbstractAutowireCapableBeanFactory.java:1814) ~[spring-beans-6.2.6.jar:6.2.6]
	... 44 common frames omitted
Caused by: java.lang.IllegalArgumentException: Failed to create query for method public abstract java.util.Optional com.borisov.DZ_4.repositories.UserRepository.findByEmaqweil(java.lang.String); No property 'emaqweil' found for type 'User'
	at org.springframework.data.jpa.repository.query.PartTreeJpaQuery.<init>(PartTreeJpaQuery.java:107) ~[spring-data-jpa-3.4.5.jar:3.4.5]
	at org.springframework.data.jpa.repository.query.JpaQueryLookupStrategy$CreateQueryLookupStrategy.resolveQuery(JpaQueryLookupStrategy.java:128) ~[spring-data-jpa-3.4.5.jar:3.4.5]
	at org.springframework.data.jpa.repository.query.JpaQueryLookupStrategy$CreateIfNotFoundQueryLookupStrategy.resolveQuery(JpaQueryLookupStrategy.java:260) ~[spring-data-jpa-3.4.5.jar:3.4.5]
	at org.springframework.data.jpa.repository.query.JpaQueryLookupStrategy$AbstractQueryLookupStrategy.resolveQuery(JpaQueryLookupStrategy.java:99) ~[spring-data-jpa-3.4.5.jar:3.4.5]
	at org.springframework.data.repository.core.support.QueryExecutorMethodInterceptor.lookupQuery(QueryExecutorMethodInterceptor.java:116) ~[spring-data-commons-3.4.5.jar:3.4.5]
	... 56 common frames omitted
Caused by: org.springframework.data.mapping.PropertyReferenceException: No property 'emaqweil' found for type 'User'
	at org.springframework.data.mapping.PropertyPath.<init>(PropertyPath.java:94) ~[spring-data-commons-3.4.5.jar:3.4.5]
	at org.springframework.data.mapping.PropertyPath.create(PropertyPath.java:455) ~[spring-data-commons-3.4.5.jar:3.4.5]
	at org.springframework.data.mapping.PropertyPath.create(PropertyPath.java:431) ~[spring-data-commons-3.4.5.jar:3.4.5]
	at org.springframework.data.mapping.PropertyPath.lambda$from$0(PropertyPath.java:384) ~[spring-data-commons-3.4.5.jar:3.4.5]
	at java.base/java.util.concurrent.ConcurrentMap.computeIfAbsent(ConcurrentMap.java:330) ~[na:na]
	at org.springframework.data.mapping.PropertyPath.from(PropertyPath.java:366) ~[spring-data-commons-3.4.5.jar:3.4.5]
	at org.springframework.data.mapping.PropertyPath.from(PropertyPath.java:344) ~[spring-data-commons-3.4.5.jar:3.4.5]
	at org.springframework.data.repository.query.parser.Part.<init>(Part.java:81) ~[spring-data-commons-3.4.5.jar:3.4.5]
	at org.springframework.data.repository.query.parser.PartTree$OrPart.lambda$new$0(PartTree.java:259) ~[spring-data-commons-3.4.5.jar:3.4.5]
	at java.base/java.util.stream.ReferencePipeline$3$1.accept(ReferencePipeline.java:197) ~[na:na]
	at java.base/java.util.stream.ReferencePipeline$2$1.accept(ReferencePipeline.java:179) ~[na:na]
	at java.base/java.util.Spliterators$ArraySpliterator.forEachRemaining(Spliterators.java:1024) ~[na:na]
	at java.base/java.util.stream.AbstractPipeline.copyInto(AbstractPipeline.java:509) ~[na:na]
	at java.base/java.util.stream.AbstractPipeline.wrapAndCopyInto(AbstractPipeline.java:499) ~[na:na]
	at java.base/java.util.stream.ReduceOps$ReduceOp.evaluateSequential(ReduceOps.java:921) ~[na:na]
	at java.base/java.util.stream.AbstractPipeline.evaluate(AbstractPipeline.java:234) ~[na:na]
	at java.base/java.util.stream.ReferencePipeline.collect(ReferencePipeline.java:682) ~[na:na]
	at org.springframework.data.repository.query.parser.PartTree$OrPart.<init>(PartTree.java:260) ~[spring-data-commons-3.4.5.jar:3.4.5]
	at org.springframework.data.repository.query.parser.PartTree$Predicate.lambda$new$0(PartTree.java:389) ~[spring-data-commons-3.4.5.jar:3.4.5]
	at java.base/java.util.stream.ReferencePipeline$3$1.accept(ReferencePipeline.java:197) ~[na:na]
	at java.base/java.util.stream.ReferencePipeline$2$1.accept(ReferencePipeline.java:179) ~[na:na]
	at java.base/java.util.Spliterators$ArraySpliterator.forEachRemaining(Spliterators.java:1024) ~[na:na]
	at java.base/java.util.stream.AbstractPipeline.copyInto(AbstractPipeline.java:509) ~[na:na]
	at java.base/java.util.stream.AbstractPipeline.wrapAndCopyInto(AbstractPipeline.java:499) ~[na:na]
	at java.base/java.util.stream.ReduceOps$ReduceOp.evaluateSequential(ReduceOps.java:921) ~[na:na]
	at java.base/java.util.stream.AbstractPipeline.evaluate(AbstractPipeline.java:234) ~[na:na]
	at java.base/java.util.stream.ReferencePipeline.collect(ReferencePipeline.java:682) ~[na:na]
	at org.springframework.data.repository.query.parser.PartTree$Predicate.<init>(PartTree.java:390) ~[spring-data-commons-3.4.5.jar:3.4.5]
	at org.springframework.data.repository.query.parser.PartTree.<init>(PartTree.java:103) ~[spring-data-commons-3.4.5.jar:3.4.5]
	at org.springframework.data.jpa.repository.query.PartTreeJpaQuery.<init>(PartTreeJpaQuery.java:101) ~[spring-data-jpa-3.4.5.jar:3.4.5]
	... 60 common frames omitted

2025-05-12T21:13:22.840+03:00  INFO 18788 --- [DZ_4] [main] com.borisov.DZ_4.Dz4Application          : Starting Dz4Application using Java 21.0.2 with PID 18788 (C:\java\Aston\Stage2\Module4\DZ_4\target\classes started by andre in C:\java\Aston\Stage2\Module4\DZ_4)
2025-05-12T21:13:22.842+03:00  INFO 18788 --- [DZ_4] [main] com.borisov.DZ_4.Dz4Application          : No active profile set, falling back to 1 default profile: "default"
2025-05-12T21:13:23.344+03:00  INFO 18788 --- [DZ_4] [main] .s.d.r.c.RepositoryConfigurationDelegate : Bootstrapping Spring Data JPA repositories in DEFAULT mode.
2025-05-12T21:13:23.383+03:00  INFO 18788 --- [DZ_4] [main] .s.d.r.c.RepositoryConfigurationDelegate : Finished Spring Data repository scanning in 32 ms. Found 1 JPA repository interface.
2025-05-12T21:13:23.740+03:00  INFO 18788 --- [DZ_4] [main] o.s.b.w.embedded.tomcat.TomcatWebServer  : Tomcat initialized with port 8080 (http)
2025-05-12T21:13:23.750+03:00  INFO 18788 --- [DZ_4] [main] o.apache.catalina.core.StandardService   : Starting service [Tomcat]
2025-05-12T21:13:23.751+03:00  INFO 18788 --- [DZ_4] [main] o.apache.catalina.core.StandardEngine    : Starting Servlet engine: [Apache Tomcat/10.1.40]
2025-05-12T21:13:23.787+03:00  INFO 18788 --- [DZ_4] [main] o.a.c.c.C.[Tomcat].[localhost].[/]       : Initializing Spring embedded WebApplicationContext
2025-05-12T21:13:23.787+03:00  INFO 18788 --- [DZ_4] [main] w.s.c.ServletWebServerApplicationContext : Root WebApplicationContext: initialization completed in 911 ms
2025-05-12T21:13:23.869+03:00  INFO 18788 --- [DZ_4] [main] com.zaxxer.hikari.HikariDataSource       : HikariPool-1 - Starting...
2025-05-12T21:13:24.022+03:00  INFO 18788 --- [DZ_4] [main] com.zaxxer.hikari.pool.HikariPool        : HikariPool-1 - Added connection org.postgresql.jdbc.PgConnection@415a3f6a
2025-05-12T21:13:24.023+03:00  INFO 18788 --- [DZ_4] [main] com.zaxxer.hikari.HikariDataSource       : HikariPool-1 - Start completed.
2025-05-12T21:13:24.059+03:00  INFO 18788 --- [DZ_4] [main] o.hibernate.jpa.internal.util.LogHelper  : HHH000204: Processing PersistenceUnitInfo [name: default]
2025-05-12T21:13:24.101+03:00  INFO 18788 --- [DZ_4] [main] org.hibernate.Version                    : HHH000412: Hibernate ORM core version 6.6.13.Final
2025-05-12T21:13:24.127+03:00  INFO 18788 --- [DZ_4] [main] o.h.c.internal.RegionFactoryInitiator    : HHH000026: Second-level cache disabled
2025-05-12T21:13:24.350+03:00  INFO 18788 --- [DZ_4] [main] o.s.o.j.p.SpringPersistenceUnitInfo      : No LoadTimeWeaver setup: ignoring JPA class transformer
2025-05-12T21:13:24.406+03:00  WARN 18788 --- [DZ_4] [main] org.hibernate.orm.deprecation            : HHH90000025: PostgreSQLDialect does not need to be specified explicitly using 'hibernate.dialect' (remove the property setting and it will be selected by default)
2025-05-12T21:13:24.416+03:00  INFO 18788 --- [DZ_4] [main] org.hibernate.orm.connections.pooling    : HHH10001005: Database info:
	Database JDBC URL [Connecting through datasource 'HikariDataSource (HikariPool-1)']
	Database driver: undefined/unknown
	Database version: 17.4
	Autocommit mode: undefined/unknown
	Isolation level: undefined/unknown
	Minimum pool size: undefined/unknown
	Maximum pool size: undefined/unknown
2025-05-12T21:13:25.075+03:00  INFO 18788 --- [DZ_4] [main] o.h.e.t.j.p.i.JtaPlatformInitiator       : HHH000489: No JTA platform available (set 'hibernate.transaction.jta.platform' to enable JTA platform integration)
2025-05-12T21:13:25.077+03:00  INFO 18788 --- [DZ_4] [main] j.LocalContainerEntityManagerFactoryBean : Initialized JPA EntityManagerFactory for persistence unit 'default'
2025-05-12T21:13:25.512+03:00  WARN 18788 --- [DZ_4] [main] JpaBaseConfiguration$JpaWebConfiguration : spring.jpa.open-in-view is enabled by default. Therefore, database queries may be performed during view rendering. Explicitly configure spring.jpa.open-in-view to disable this warning
2025-05-12T21:13:25.916+03:00  INFO 18788 --- [DZ_4] [main] o.s.b.w.embedded.tomcat.TomcatWebServer  : Tomcat started on port 8080 (http) with context path '/'
2025-05-12T21:13:25.922+03:00  INFO 18788 --- [DZ_4] [main] com.borisov.DZ_4.Dz4Application          : Started Dz4Application in 3.434 seconds (process running for 3.953)
2025-05-12T21:13:43.514+03:00  INFO 18788 --- [DZ_4] [SpringApplicationShutdownHook] o.s.b.w.e.tomcat.GracefulShutdown        : Commencing graceful shutdown. Waiting for active requests to complete
2025-05-12T21:13:43.519+03:00  INFO 18788 --- [DZ_4] [tomcat-shutdown] o.s.b.w.e.tomcat.GracefulShutdown        : Graceful shutdown complete
2025-05-12T21:13:43.526+03:00  INFO 18788 --- [DZ_4] [SpringApplicationShutdownHook] j.LocalContainerEntityManagerFactoryBean : Closing JPA EntityManagerFactory for persistence unit 'default'
2025-05-12T21:13:43.529+03:00  INFO 18788 --- [DZ_4] [SpringApplicationShutdownHook] com.zaxxer.hikari.HikariDataSource       : HikariPool-1 - Shutdown initiated...
2025-05-12T21:13:43.537+03:00  INFO 18788 --- [DZ_4] [SpringApplicationShutdownHook] com.zaxxer.hikari.HikariDataSource       : HikariPool-1 - Shutdown completed.
2025-05-12T21:33:56.484+03:00  INFO 12328 --- [DZ_4] [main] com.borisov.DZ_4.Dz4Application          : Starting Dz4Application using Java 21.0.2 with PID 12328 (C:\java\Aston\Stage2\Module4\DZ_4\target\classes started by andre in C:\java\Aston\Stage2\Module4\DZ_4)
2025-05-12T21:33:56.485+03:00  INFO 12328 --- [DZ_4] [main] com.borisov.DZ_4.Dz4Application          : No active profile set, falling back to 1 default profile: "default"
2025-05-12T21:33:57.025+03:00  INFO 12328 --- [DZ_4] [main] .s.d.r.c.RepositoryConfigurationDelegate : Bootstrapping Spring Data JPA repositories in DEFAULT mode.
2025-05-12T21:33:57.066+03:00  INFO 12328 --- [DZ_4] [main] .s.d.r.c.RepositoryConfigurationDelegate : Finished Spring Data repository scanning in 34 ms. Found 1 JPA repository interface.
2025-05-12T21:33:57.433+03:00  INFO 12328 --- [DZ_4] [main] o.s.b.w.embedded.tomcat.TomcatWebServer  : Tomcat initialized with port 8080 (http)
2025-05-12T21:33:57.445+03:00  INFO 12328 --- [DZ_4] [main] o.apache.catalina.core.StandardService   : Starting service [Tomcat]
2025-05-12T21:33:57.445+03:00  INFO 12328 --- [DZ_4] [main] o.apache.catalina.core.StandardEngine    : Starting Servlet engine: [Apache Tomcat/10.1.40]
2025-05-12T21:33:57.483+03:00  INFO 12328 --- [DZ_4] [main] o.a.c.c.C.[Tomcat].[localhost].[/]       : Initializing Spring embedded WebApplicationContext
2025-05-12T21:33:57.483+03:00  INFO 12328 --- [DZ_4] [main] w.s.c.ServletWebServerApplicationContext : Root WebApplicationContext: initialization completed in 962 ms
2025-05-12T21:33:57.581+03:00  INFO 12328 --- [DZ_4] [main] com.zaxxer.hikari.HikariDataSource       : HikariPool-1 - Starting...
2025-05-12T21:33:57.819+03:00  INFO 12328 --- [DZ_4] [main] com.zaxxer.hikari.pool.HikariPool        : HikariPool-1 - Added connection org.postgresql.jdbc.PgConnection@260e3837
2025-05-12T21:33:57.823+03:00  INFO 12328 --- [DZ_4] [main] com.zaxxer.hikari.HikariDataSource       : HikariPool-1 - Start completed.
2025-05-12T21:33:57.862+03:00  INFO 12328 --- [DZ_4] [main] o.hibernate.jpa.internal.util.LogHelper  : HHH000204: Processing PersistenceUnitInfo [name: default]
2025-05-12T21:33:57.896+03:00  INFO 12328 --- [DZ_4] [main] org.hibernate.Version                    : HHH000412: Hibernate ORM core version 6.6.13.Final
2025-05-12T21:33:57.917+03:00  INFO 12328 --- [DZ_4] [main] o.h.c.internal.RegionFactoryInitiator    : HHH000026: Second-level cache disabled
2025-05-12T21:33:58.151+03:00  INFO 12328 --- [DZ_4] [main] o.s.o.j.p.SpringPersistenceUnitInfo      : No LoadTimeWeaver setup: ignoring JPA class transformer
2025-05-12T21:33:58.222+03:00  WARN 12328 --- [DZ_4] [main] org.hibernate.orm.deprecation            : HHH90000025: PostgreSQLDialect does not need to be specified explicitly using 'hibernate.dialect' (remove the property setting and it will be selected by default)
2025-05-12T21:33:58.240+03:00  INFO 12328 --- [DZ_4] [main] org.hibernate.orm.connections.pooling    : HHH10001005: Database info:
	Database JDBC URL [Connecting through datasource 'HikariDataSource (HikariPool-1)']
	Database driver: undefined/unknown
	Database version: 17.4
	Autocommit mode: undefined/unknown
	Isolation level: undefined/unknown
	Minimum pool size: undefined/unknown
	Maximum pool size: undefined/unknown
2025-05-12T21:33:58.976+03:00  INFO 12328 --- [DZ_4] [main] o.h.e.t.j.p.i.JtaPlatformInitiator       : HHH000489: No JTA platform available (set 'hibernate.transaction.jta.platform' to enable JTA platform integration)
2025-05-12T21:33:58.979+03:00  INFO 12328 --- [DZ_4] [main] j.LocalContainerEntityManagerFactoryBean : Initialized JPA EntityManagerFactory for persistence unit 'default'
2025-05-12T21:33:59.270+03:00  WARN 12328 --- [DZ_4] [main] JpaBaseConfiguration$JpaWebConfiguration : spring.jpa.open-in-view is enabled by default. Therefore, database queries may be performed during view rendering. Explicitly configure spring.jpa.open-in-view to disable this warning
2025-05-12T21:33:59.557+03:00  INFO 12328 --- [DZ_4] [main] o.s.b.w.embedded.tomcat.TomcatWebServer  : Tomcat started on port 8080 (http) with context path '/'
2025-05-12T21:33:59.563+03:00  INFO 12328 --- [DZ_4] [main] com.borisov.DZ_4.Dz4Application          : Started Dz4Application in 3.456 seconds (process running for 3.985)
2025-05-12T21:34:22.627+03:00  INFO 12328 --- [DZ_4] [http-nio-8080-exec-4] o.a.c.c.C.[Tomcat].[localhost].[/]       : Initializing Spring DispatcherServlet 'dispatcherServlet'
2025-05-12T21:34:22.627+03:00  INFO 12328 --- [DZ_4] [http-nio-8080-exec-4] o.s.web.servlet.DispatcherServlet        : Initializing Servlet 'dispatcherServlet'
2025-05-12T21:34:22.628+03:00  INFO 12328 --- [DZ_4] [http-nio-8080-exec-4] o.s.web.servlet.DispatcherServlet        : Completed initialization in 1 ms
2025-05-12T21:34:23.159+03:00 DEBUG 12328 --- [DZ_4] [http-nio-8080-exec-4] org.hibernate.SQL                        : select u1_0.id,u1_0.age,u1_0.created_at,u1_0.email,u1_0.name from users u1_0 where u1_0.email=?
2025-05-12T21:34:23.167+03:00 TRACE 12328 --- [DZ_4] [http-nio-8080-exec-4] org.hibernate.orm.jdbc.bind              : binding parameter (1:VARCHAR) <- [221121q@m22242226354383261]
2025-05-12T21:34:23.320+03:00 DEBUG 12328 --- [DZ_4] [http-nio-8080-exec-4] org.hibernate.SQL                        : insert into users (age,created_at,email,name) values (?,?,?,?)
2025-05-12T21:34:23.326+03:00 TRACE 12328 --- [DZ_4] [http-nio-8080-exec-4] org.hibernate.orm.jdbc.bind              : binding parameter (1:INTEGER) <- [18]
2025-05-12T21:34:23.327+03:00 TRACE 12328 --- [DZ_4] [http-nio-8080-exec-4] org.hibernate.orm.jdbc.bind              : binding parameter (2:TIMESTAMP_UTC) <- [2025-05-12T18:34:23.274074900Z]
2025-05-12T21:34:23.328+03:00 TRACE 12328 --- [DZ_4] [http-nio-8080-exec-4] org.hibernate.orm.jdbc.bind              : binding parameter (3:VARCHAR) <- [221121q@m22242226354383261]
2025-05-12T21:34:23.329+03:00 TRACE 12328 --- [DZ_4] [http-nio-8080-exec-4] org.hibernate.orm.jdbc.bind              : binding parameter (4:VARCHAR) <- [Aaa]
2025-05-12T21:34:25.780+03:00 DEBUG 12328 --- [DZ_4] [http-nio-8080-exec-2] org.hibernate.SQL                        : select u1_0.id,u1_0.age,u1_0.created_at,u1_0.email,u1_0.name from users u1_0 where u1_0.email=?
2025-05-12T21:34:25.781+03:00 TRACE 12328 --- [DZ_4] [http-nio-8080-exec-2] org.hibernate.orm.jdbc.bind              : binding parameter (1:VARCHAR) <- [221121q@m22242226354383261]
2025-05-12T21:34:34.787+03:00 DEBUG 12328 --- [DZ_4] [http-nio-8080-exec-3] org.hibernate.SQL                        : select u1_0.id,u1_0.age,u1_0.created_at,u1_0.email,u1_0.name from users u1_0 where u1_0.email=?
2025-05-12T21:34:34.787+03:00 TRACE 12328 --- [DZ_4] [http-nio-8080-exec-3] org.hibernate.orm.jdbc.bind              : binding parameter (1:VARCHAR) <- [221121q@m222424226354383261]
2025-05-12T21:34:34.788+03:00 DEBUG 12328 --- [DZ_4] [http-nio-8080-exec-3] org.hibernate.SQL                        : insert into users (age,created_at,email,name) values (?,?,?,?)
2025-05-12T21:34:34.789+03:00 TRACE 12328 --- [DZ_4] [http-nio-8080-exec-3] org.hibernate.orm.jdbc.bind              : binding parameter (1:INTEGER) <- [18]
2025-05-12T21:34:34.789+03:00 TRACE 12328 --- [DZ_4] [http-nio-8080-exec-3] org.hibernate.orm.jdbc.bind              : binding parameter (2:TIMESTAMP_UTC) <- [2025-05-12T18:34:34.788192Z]
2025-05-12T21:34:34.790+03:00 TRACE 12328 --- [DZ_4] [http-nio-8080-exec-3] org.hibernate.orm.jdbc.bind              : binding parameter (3:VARCHAR) <- [221121q@m222424226354383261]
2025-05-12T21:34:34.790+03:00 TRACE 12328 --- [DZ_4] [http-nio-8080-exec-3] org.hibernate.orm.jdbc.bind              : binding parameter (4:VARCHAR) <- [Aaa]
2025-05-12T21:34:52.303+03:00 DEBUG 12328 --- [DZ_4] [http-nio-8080-exec-5] org.hibernate.SQL                        : select u1_0.id,u1_0.age,u1_0.created_at,u1_0.email,u1_0.name from users u1_0 where u1_0.email=?
2025-05-12T21:34:52.304+03:00 TRACE 12328 --- [DZ_4] [http-nio-8080-exec-5] org.hibernate.orm.jdbc.bind              : binding parameter (1:VARCHAR) <- [221121q@m222424226354383261]
2025-05-12T21:34:57.414+03:00 DEBUG 12328 --- [DZ_4] [http-nio-8080-exec-6] org.hibernate.SQL                        : select u1_0.id,u1_0.age,u1_0.created_at,u1_0.email,u1_0.name from users u1_0 where u1_0.email=?
2025-05-12T21:34:57.414+03:00 TRACE 12328 --- [DZ_4] [http-nio-8080-exec-6] org.hibernate.orm.jdbc.bind              : binding parameter (1:VARCHAR) <- [221121q@m222424226354383261]
2025-05-12T21:34:57.432+03:00 DEBUG 12328 --- [DZ_4] [http-nio-8080-exec-6] org.hibernate.SQL                        : update users set age=?,created_at=?,email=?,name=? where id=?
2025-05-12T21:34:57.433+03:00 TRACE 12328 --- [DZ_4] [http-nio-8080-exec-6] org.hibernate.orm.jdbc.bind              : binding parameter (1:INTEGER) <- [55]
2025-05-12T21:34:57.433+03:00 TRACE 12328 --- [DZ_4] [http-nio-8080-exec-6] org.hibernate.orm.jdbc.bind              : binding parameter (2:TIMESTAMP_UTC) <- [2025-05-12T18:34:34.788192Z]
2025-05-12T21:34:57.433+03:00 TRACE 12328 --- [DZ_4] [http-nio-8080-exec-6] org.hibernate.orm.jdbc.bind              : binding parameter (3:VARCHAR) <- [221121q@m222424226354383261]
2025-05-12T21:34:57.433+03:00 TRACE 12328 --- [DZ_4] [http-nio-8080-exec-6] org.hibernate.orm.jdbc.bind              : binding parameter (4:VARCHAR) <- [BBBfsaafaada]
2025-05-12T21:34:57.433+03:00 TRACE 12328 --- [DZ_4] [http-nio-8080-exec-6] org.hibernate.orm.jdbc.bind              : binding parameter (5:INTEGER) <- [60]
2025-05-12T21:35:00.701+03:00 DEBUG 12328 --- [DZ_4] [http-nio-8080-exec-7] org.hibernate.SQL                        : select u1_0.id,u1_0.age,u1_0.created_at,u1_0.email,u1_0.name from users u1_0 where u1_0.email=?
2025-05-12T21:35:00.703+03:00 TRACE 12328 --- [DZ_4] [http-nio-8080-exec-7] org.hibernate.orm.jdbc.bind              : binding parameter (1:VARCHAR) <- [221121q@m222424226354383261]
2025-05-12T21:35:02.184+03:00 DEBUG 12328 --- [DZ_4] [http-nio-8080-exec-8] org.hibernate.SQL                        : select u1_0.id,u1_0.age,u1_0.created_at,u1_0.email,u1_0.name from users u1_0 where u1_0.email=?
2025-05-12T21:35:02.185+03:00 TRACE 12328 --- [DZ_4] [http-nio-8080-exec-8] org.hibernate.orm.jdbc.bind              : binding parameter (1:VARCHAR) <- [221121q@m222424226354383261]
2025-05-12T21:35:07.352+03:00  INFO 12328 --- [DZ_4] [SpringApplicationShutdownHook] o.s.b.w.e.tomcat.GracefulShutdown        : Commencing graceful shutdown. Waiting for active requests to complete
2025-05-12T21:35:07.365+03:00  INFO 12328 --- [DZ_4] [tomcat-shutdown] o.s.b.w.e.tomcat.GracefulShutdown        : Graceful shutdown complete
2025-05-12T21:35:07.394+03:00  INFO 12328 --- [DZ_4] [SpringApplicationShutdownHook] j.LocalContainerEntityManagerFactoryBean : Closing JPA EntityManagerFactory for persistence unit 'default'
2025-05-12T21:35:07.397+03:00  INFO 12328 --- [DZ_4] [SpringApplicationShutdownHook] com.zaxxer.hikari.HikariDataSource       : HikariPool-1 - Shutdown initiated...
2025-05-12T21:35:07.400+03:00  INFO 12328 --- [DZ_4] [SpringApplicationShutdownHook] com.zaxxer.hikari.HikariDataSource       : HikariPool-1 - Shutdown completed.
2025-05-12T21:35:55.329+03:00  INFO 20016 --- [DZ_4] [main] com.borisov.DZ_4.Dz4Application          : Starting Dz4Application using Java 21.0.2 with PID 20016 (C:\java\Aston\Stage2\Module4\DZ_4\target\classes started by andre in C:\java\Aston\Stage2\Module4\DZ_4)
2025-05-12T21:35:55.331+03:00  INFO 20016 --- [DZ_4] [main] com.borisov.DZ_4.Dz4Application          : No active profile set, falling back to 1 default profile: "default"
2025-05-12T21:35:55.815+03:00  INFO 20016 --- [DZ_4] [main] .s.d.r.c.RepositoryConfigurationDelegate : Bootstrapping Spring Data JPA repositories in DEFAULT mode.
2025-05-12T21:35:55.854+03:00  INFO 20016 --- [DZ_4] [main] .s.d.r.c.RepositoryConfigurationDelegate : Finished Spring Data repository scanning in 33 ms. Found 1 JPA repository interface.
2025-05-12T21:35:56.206+03:00  INFO 20016 --- [DZ_4] [main] o.s.b.w.embedded.tomcat.TomcatWebServer  : Tomcat initialized with port 8080 (http)
2025-05-12T21:35:56.215+03:00  INFO 20016 --- [DZ_4] [main] o.apache.catalina.core.StandardService   : Starting service [Tomcat]
2025-05-12T21:35:56.216+03:00  INFO 20016 --- [DZ_4] [main] o.apache.catalina.core.StandardEngine    : Starting Servlet engine: [Apache Tomcat/10.1.40]
2025-05-12T21:35:56.262+03:00  INFO 20016 --- [DZ_4] [main] o.a.c.c.C.[Tomcat].[localhost].[/]       : Initializing Spring embedded WebApplicationContext
2025-05-12T21:35:56.262+03:00  INFO 20016 --- [DZ_4] [main] w.s.c.ServletWebServerApplicationContext : Root WebApplicationContext: initialization completed in 896 ms
2025-05-12T21:35:56.347+03:00  INFO 20016 --- [DZ_4] [main] com.zaxxer.hikari.HikariDataSource       : HikariPool-1 - Starting...
2025-05-12T21:35:56.488+03:00  INFO 20016 --- [DZ_4] [main] com.zaxxer.hikari.pool.HikariPool        : HikariPool-1 - Added connection org.postgresql.jdbc.PgConnection@415a3f6a
2025-05-12T21:35:56.490+03:00  INFO 20016 --- [DZ_4] [main] com.zaxxer.hikari.HikariDataSource       : HikariPool-1 - Start completed.
2025-05-12T21:35:56.527+03:00  INFO 20016 --- [DZ_4] [main] o.hibernate.jpa.internal.util.LogHelper  : HHH000204: Processing PersistenceUnitInfo [name: default]
2025-05-12T21:35:56.568+03:00  INFO 20016 --- [DZ_4] [main] org.hibernate.Version                    : HHH000412: Hibernate ORM core version 6.6.13.Final
2025-05-12T21:35:56.592+03:00  INFO 20016 --- [DZ_4] [main] o.h.c.internal.RegionFactoryInitiator    : HHH000026: Second-level cache disabled
2025-05-12T21:35:56.808+03:00  INFO 20016 --- [DZ_4] [main] o.s.o.j.p.SpringPersistenceUnitInfo      : No LoadTimeWeaver setup: ignoring JPA class transformer
2025-05-12T21:35:56.855+03:00  WARN 20016 --- [DZ_4] [main] org.hibernate.orm.deprecation            : HHH90000025: PostgreSQLDialect does not need to be specified explicitly using 'hibernate.dialect' (remove the property setting and it will be selected by default)
2025-05-12T21:35:56.870+03:00  INFO 20016 --- [DZ_4] [main] org.hibernate.orm.connections.pooling    : HHH10001005: Database info:
	Database JDBC URL [Connecting through datasource 'HikariDataSource (HikariPool-1)']
	Database driver: undefined/unknown
	Database version: 17.4
	Autocommit mode: undefined/unknown
	Isolation level: undefined/unknown
	Minimum pool size: undefined/unknown
	Maximum pool size: undefined/unknown
2025-05-12T21:35:57.496+03:00  INFO 20016 --- [DZ_4] [main] o.h.e.t.j.p.i.JtaPlatformInitiator       : HHH000489: No JTA platform available (set 'hibernate.transaction.jta.platform' to enable JTA platform integration)
2025-05-12T21:35:57.498+03:00  INFO 20016 --- [DZ_4] [main] j.LocalContainerEntityManagerFactoryBean : Initialized JPA EntityManagerFactory for persistence unit 'default'
2025-05-12T21:35:57.764+03:00  WARN 20016 --- [DZ_4] [main] JpaBaseConfiguration$JpaWebConfiguration : spring.jpa.open-in-view is enabled by default. Therefore, database queries may be performed during view rendering. Explicitly configure spring.jpa.open-in-view to disable this warning
2025-05-12T21:35:58.047+03:00  INFO 20016 --- [DZ_4] [main] o.s.b.w.embedded.tomcat.TomcatWebServer  : Tomcat started on port 8080 (http) with context path '/'
2025-05-12T21:35:58.053+03:00  INFO 20016 --- [DZ_4] [main] com.borisov.DZ_4.Dz4Application          : Started Dz4Application in 3.085 seconds (process running for 3.617)
2025-05-12T21:35:58.816+03:00  INFO 20016 --- [DZ_4] [SpringApplicationShutdownHook] o.s.b.w.e.tomcat.GracefulShutdown        : Commencing graceful shutdown. Waiting for active requests to complete
2025-05-12T21:35:58.822+03:00  INFO 20016 --- [DZ_4] [tomcat-shutdown] o.s.b.w.e.tomcat.GracefulShutdown        : Graceful shutdown complete
2025-05-12T21:35:58.833+03:00  INFO 20016 --- [DZ_4] [SpringApplicationShutdownHook] j.LocalContainerEntityManagerFactoryBean : Closing JPA EntityManagerFactory for persistence unit 'default'
2025-05-12T21:35:58.844+03:00  INFO 20016 --- [DZ_4] [SpringApplicationShutdownHook] com.zaxxer.hikari.HikariDataSource       : HikariPool-1 - Shutdown initiated...
2025-05-12T21:35:58.849+03:00  INFO 20016 --- [DZ_4] [SpringApplicationShutdownHook] com.zaxxer.hikari.HikariDataSource       : HikariPool-1 - Shutdown completed.
2025-05-12T21:36:13.157+03:00  INFO 2368 --- [DZ_4] [main] c.b.D.controllers.UsersControllerTest    : Starting UsersControllerTest using Java 21.0.2 with PID 2368 (started by andre in C:\java\Aston\Stage2\Module4\DZ_4)
2025-05-12T21:36:13.158+03:00  INFO 2368 --- [DZ_4] [main] c.b.D.controllers.UsersControllerTest    : No active profile set, falling back to 1 default profile: "default"
2025-05-12T21:36:15.082+03:00  INFO 2368 --- [DZ_4] [main] o.s.b.t.m.w.SpringBootMockServletContext : Initializing Spring TestDispatcherServlet ''
2025-05-12T21:36:15.082+03:00  INFO 2368 --- [DZ_4] [main] o.s.t.web.servlet.TestDispatcherServlet  : Initializing Servlet ''
2025-05-12T21:36:15.084+03:00  INFO 2368 --- [DZ_4] [main] o.s.t.web.servlet.TestDispatcherServlet  : Completed initialization in 1 ms
2025-05-12T21:36:15.120+03:00  INFO 2368 --- [DZ_4] [main] c.b.D.controllers.UsersControllerTest    : Started UsersControllerTest in 2.342 seconds (process running for 3.348)
